Using pre-set license
Built from '2020.3/staging' branch; Version is '2020.3.19f1 (68f137dc9bbe) revision 6877495'; Using compiler version '192528614'; Build Type 'Release'
OS: 'Windows 10 Pro; OS build 19043.1237; Version 2009; 64bit' Language: 'es' Physical Memory: 16344 MB
BatchMode: 1, IsHumanControllingUs: 0, StartBugReporterOnCrash: 0, Is64bit: 1, IsPro: 0

COMMAND LINE ARGUMENTS:
C:\Program Files\Unity\Hub\Editor\2020.3.19f1\Editor\Unity.exe
-adb2
-batchMode
-noUpm
-name
AssetImportWorker0
-projectPath
G:/LADAT/Javier-Beltr-n-Tema1/entregable1_javier_beltran/Entregable_1
-logFile
Logs/AssetImportWorker0.log
-srvPort
52190
Successfully changed project path to: G:/LADAT/Javier-Beltr-n-Tema1/entregable1_javier_beltran/Entregable_1
G:/LADAT/Javier-Beltr-n-Tema1/entregable1_javier_beltran/Entregable_1
Using Asset Import Pipeline V2.
Refreshing native plugins compatible for Editor in 38.62 ms, found 2 plugins.
Preloading 0 native plugins for Editor in 0.00 ms.
Initialize engine version: 2020.3.19f1 (68f137dc9bbe)
[Subsystems] Discovering subsystems at path C:/Program Files/Unity/Hub/Editor/2020.3.19f1/Editor/Data/Resources/UnitySubsystems
[Subsystems] Discovering subsystems at path G:/LADAT/Javier-Beltr-n-Tema1/entregable1_javier_beltran/Entregable_1/Assets
GfxDevice: creating device client; threaded=0
Direct3D:
    Version:  Direct3D 11.0 [level 11.1]
    Renderer: NVIDIA GeForce GTX 970 (ID=0x13c2)
    Vendor:   
    VRAM:     4043 MB
    Driver:   27.21.14.5671
Initialize mono
Mono path[0] = 'C:/Program Files/Unity/Hub/Editor/2020.3.19f1/Editor/Data/Managed'
Mono path[1] = 'C:/Program Files/Unity/Hub/Editor/2020.3.19f1/Editor/Data/MonoBleedingEdge/lib/mono/unityjit'
Mono config path = 'C:/Program Files/Unity/Hub/Editor/2020.3.19f1/Editor/Data/MonoBleedingEdge/etc'
Using monoOptions --debugger-agent=transport=dt_socket,embedding=1,server=y,suspend=n,address=127.0.0.1:56156
Begin MonoManager ReloadAssembly
Registering precompiled unity dll's ...
Register platform support module: C:/Program Files/Unity/Hub/Editor/2020.3.19f1/Editor/Data/PlaybackEngines/WindowsStandaloneSupport/UnityEditor.WindowsStandalone.Extensions.dll
Registered in 0.003445 seconds.
Native extension for WindowsStandalone target not found
Refreshing native plugins compatible for Editor in 39.21 ms, found 2 plugins.
Preloading 0 native plugins for Editor in 0.00 ms.
Mono: successfully reloaded assembly
- Completed reload, in  1.485 seconds
Domain Reload Profiling:
	ReloadAssembly (1486ms)
		BeginReloadAssembly (80ms)
			ExecutionOrderSort (0ms)
			DisableScriptedObjects (0ms)
			BackupInstance (0ms)
			ReleaseScriptingObjects (0ms)
			CreateAndSetChildDomain (2ms)
		EndReloadAssembly (516ms)
			LoadAssemblies (75ms)
			RebuildTransferFunctionScriptingTraits (0ms)
			SetupTypeCache (188ms)
			ReleaseScriptCaches (0ms)
			RebuildScriptCaches (40ms)
			SetupLoadedEditorAssemblies (206ms)
				LogAssemblyErrors (0ms)
				InitializePlatformSupportModulesInManaged (6ms)
				SetLoadedEditorAssemblies (0ms)
				RefreshPlugins (39ms)
				BeforeProcessingInitializeOnLoad (11ms)
				ProcessInitializeOnLoadAttributes (111ms)
				ProcessInitializeOnLoadMethodAttributes (38ms)
				AfterProcessingInitializeOnLoad (0ms)
				EditorAssembliesLoaded (0ms)
			ExecutionOrderSort2 (0ms)
			AwakeInstancesAfterBackupRestoration (0ms)
Platform modules already initialized, skipping
Registering precompiled user dll's ...
Registered in 0.003351 seconds.
Begin MonoManager ReloadAssembly
Native extension for WindowsStandalone target not found
Refreshing native plugins compatible for Editor in 0.41 ms, found 2 plugins.
Preloading 0 native plugins for Editor in 0.00 ms.
Mono: successfully reloaded assembly
- Completed reload, in  1.240 seconds
Domain Reload Profiling:
	ReloadAssembly (1241ms)
		BeginReloadAssembly (189ms)
			ExecutionOrderSort (0ms)
			DisableScriptedObjects (7ms)
			BackupInstance (0ms)
			ReleaseScriptingObjects (0ms)
			CreateAndSetChildDomain (22ms)
		EndReloadAssembly (972ms)
			LoadAssemblies (110ms)
			RebuildTransferFunctionScriptingTraits (0ms)
			SetupTypeCache (332ms)
			ReleaseScriptCaches (0ms)
			RebuildScriptCaches (56ms)
			SetupLoadedEditorAssemblies (355ms)
				LogAssemblyErrors (0ms)
				InitializePlatformSupportModulesInManaged (7ms)
				SetLoadedEditorAssemblies (1ms)
				RefreshPlugins (0ms)
				BeforeProcessingInitializeOnLoad (67ms)
				ProcessInitializeOnLoadAttributes (262ms)
				ProcessInitializeOnLoadMethodAttributes (5ms)
				AfterProcessingInitializeOnLoad (12ms)
				EditorAssembliesLoaded (0ms)
			ExecutionOrderSort2 (0ms)
			AwakeInstancesAfterBackupRestoration (9ms)
Platform modules already initialized, skipping
========================================================================
Worker process is ready to serve import requests
Launched and connected shader compiler UnityShaderCompiler.exe after 0.05 seconds
Refreshing native plugins compatible for Editor in 0.38 ms, found 2 plugins.
Preloading 0 native plugins for Editor in 0.00 ms.
Unloading 1397 Unused Serialized files (Serialized files now loaded: 0)
System memory in use before: 65.3 MB.
System memory in use after: 65.3 MB.

Unloading 16 unused Assets to reduce memory usage. Loaded Objects now: 1833.
Total: 3.477700 ms (FindLiveObjects: 0.154700 ms CreateObjectMapping: 0.057800 ms MarkObjects: 3.170400 ms  DeleteObjects: 0.093000 ms)

AssetImportParameters requested are different than current active one (requested -> active):
  custom:framework-win-MediaFoundation: 216162199b28c13a410421893ffa2e32 -> 
  custom:video-decoder-ogg-theora: a1e56fd34408186e4bbccfd4996cb3dc -> 
  custom:container-muxer-webm: aa71ff27fc2769a1b78a27578f13a17b -> 
  custom:container-demuxer-webm: 4f35f7cbe854078d1ac9338744f61a02 -> 
  custom:container-demuxer-ogg: 62fdf1f143b41e24485cea50d1cbac27 -> 
  custom:video-encoder-webm-vp8: eb34c28f22e8b96e1ab97ce403110664 -> 
  custom:video-codec-MediaFoundation-h265: 746d11721c4dcdbdad8f713fa42b33f4 -> 
  custom:video-decoder-webm-vp8: 9c59270c3fd7afecdb556c50c9e8de78 -> 
  custom:audio-decoder-ogg-vorbis: bf7c407c2cedff20999df2af8eb42d56 -> 
  custom:audio-encoder-webm-vorbis: bf7c407c2cedff20999df2af8eb42d56 -> 
========================================================================
Received Import Request.
  path: Assets/Prefabs/Enemy Variant.prefab
  artifactKey: Guid(28f8151f4a162584ea38898382cb83a5) Importer(815301076,1909f56bfc062723c751e8b465ee728b)
Start importing Assets/Prefabs/Enemy Variant.prefab using Guid(28f8151f4a162584ea38898382cb83a5) Importer(815301076,1909f56bfc062723c751e8b465ee728b)  -> (artifact id: '35344fd7ce510b24e178704a156fb416') in 0.114933 seconds 
  Import took 0.118096 seconds .

========================================================================
Received Import Request.
  Time since last request: 26.342313 seconds.
  path: Assets/Prefabs/Enemy Variant.prefab
  artifactKey: Guid(28f8151f4a162584ea38898382cb83a5) Importer(815301076,1909f56bfc062723c751e8b465ee728b)
Start importing Assets/Prefabs/Enemy Variant.prefab using Guid(28f8151f4a162584ea38898382cb83a5) Importer(815301076,1909f56bfc062723c751e8b465ee728b)  -> (artifact id: '9154f64d7b340ac5a5148e674200ca10') in 0.016379 seconds 
  Import took 0.020290 seconds .

========================================================================
Received Import Request.
  Time since last request: 8.251994 seconds.
  path: Assets/Prefabs/Enemy Variant.prefab
  artifactKey: Guid(28f8151f4a162584ea38898382cb83a5) Importer(815301076,1909f56bfc062723c751e8b465ee728b)
Start importing Assets/Prefabs/Enemy Variant.prefab using Guid(28f8151f4a162584ea38898382cb83a5) Importer(815301076,1909f56bfc062723c751e8b465ee728b)  -> (artifact id: '1ed7948f07b0989ce964cec844ef8004') in 0.014689 seconds 
  Import took 0.018100 seconds .

========================================================================
Received Import Request.
  Time since last request: 2.000241 seconds.
  path: Assets/Prefabs/Enemy Variant.prefab
  artifactKey: Guid(28f8151f4a162584ea38898382cb83a5) Importer(815301076,1909f56bfc062723c751e8b465ee728b)
Start importing Assets/Prefabs/Enemy Variant.prefab using Guid(28f8151f4a162584ea38898382cb83a5) Importer(815301076,1909f56bfc062723c751e8b465ee728b)  -> (artifact id: 'cceb8663b3a32ef00848c914947e0481') in 0.014669 seconds 
  Import took 0.020595 seconds .

========================================================================
Received Import Request.
  Time since last request: 3.631300 seconds.
  path: Assets/Prefabs/Enemy Variant.prefab
  artifactKey: Guid(28f8151f4a162584ea38898382cb83a5) Importer(815301076,1909f56bfc062723c751e8b465ee728b)
Start importing Assets/Prefabs/Enemy Variant.prefab using Guid(28f8151f4a162584ea38898382cb83a5) Importer(815301076,1909f56bfc062723c751e8b465ee728b)  -> (artifact id: 'b784904d60f03f95793767af5b4faf74') in 0.015394 seconds 
  Import took 0.019233 seconds .

========================================================================
Received Import Request.
  Time since last request: 1.200356 seconds.
  path: Assets/Prefabs/Enemy Variant.prefab
  artifactKey: Guid(28f8151f4a162584ea38898382cb83a5) Importer(815301076,1909f56bfc062723c751e8b465ee728b)
Start importing Assets/Prefabs/Enemy Variant.prefab using Guid(28f8151f4a162584ea38898382cb83a5) Importer(815301076,1909f56bfc062723c751e8b465ee728b)  -> (artifact id: '01ca7e6567f0034ace0ee75e7785ac92') in 0.014541 seconds 
  Import took 0.018894 seconds .

========================================================================
Received Import Request.
  Time since last request: 1.198815 seconds.
  path: Assets/Prefabs/Enemy Variant.prefab
  artifactKey: Guid(28f8151f4a162584ea38898382cb83a5) Importer(815301076,1909f56bfc062723c751e8b465ee728b)
Start importing Assets/Prefabs/Enemy Variant.prefab using Guid(28f8151f4a162584ea38898382cb83a5) Importer(815301076,1909f56bfc062723c751e8b465ee728b)  -> (artifact id: 'c13fd6e60ec5a77cf8085168001c6b26') in 0.017994 seconds 
  Import took 0.022361 seconds .

========================================================================
Received Import Request.
  Time since last request: 4.799002 seconds.
  path: Assets/Prefabs/Enemy Variant.prefab
  artifactKey: Guid(28f8151f4a162584ea38898382cb83a5) Importer(815301076,1909f56bfc062723c751e8b465ee728b)
Start importing Assets/Prefabs/Enemy Variant.prefab using Guid(28f8151f4a162584ea38898382cb83a5) Importer(815301076,1909f56bfc062723c751e8b465ee728b)  -> (artifact id: '64774c8d015116ecf067f60f97035ae2') in 0.013985 seconds 
  Import took 0.017599 seconds .

========================================================================
Received Import Request.
  Time since last request: 3.221487 seconds.
  path: Assets/Prefabs/Enemy Variant.prefab
  artifactKey: Guid(28f8151f4a162584ea38898382cb83a5) Importer(815301076,1909f56bfc062723c751e8b465ee728b)
Start importing Assets/Prefabs/Enemy Variant.prefab using Guid(28f8151f4a162584ea38898382cb83a5) Importer(815301076,1909f56bfc062723c751e8b465ee728b)  -> (artifact id: '49e24913501765613d05a9e40db0470f') in 0.014123 seconds 
  Import took 0.019323 seconds .

========================================================================
Received Import Request.
  Time since last request: 2.602204 seconds.
  path: Assets/Prefabs/Enemy Variant.prefab
  artifactKey: Guid(28f8151f4a162584ea38898382cb83a5) Importer(815301076,1909f56bfc062723c751e8b465ee728b)
Start importing Assets/Prefabs/Enemy Variant.prefab using Guid(28f8151f4a162584ea38898382cb83a5) Importer(815301076,1909f56bfc062723c751e8b465ee728b)  -> (artifact id: '954d5395575751c64b47659803b0af06') in 0.015540 seconds 
  Import took 0.019425 seconds .

========================================================================
Received Import Request.
  Time since last request: 6.060648 seconds.
  path: Assets/Prefabs/Enemy Variant.prefab
  artifactKey: Guid(28f8151f4a162584ea38898382cb83a5) Importer(815301076,1909f56bfc062723c751e8b465ee728b)
Start importing Assets/Prefabs/Enemy Variant.prefab using Guid(28f8151f4a162584ea38898382cb83a5) Importer(815301076,1909f56bfc062723c751e8b465ee728b)  -> (artifact id: 'd133a75300699cef23044434ffb4e4bf') in 0.020413 seconds 
  Import took 0.024457 seconds .

========================================================================
Received Import Request.
  Time since last request: 7.671237 seconds.
  path: Assets/Prefabs/Enemy Variant.prefab
  artifactKey: Guid(28f8151f4a162584ea38898382cb83a5) Importer(815301076,1909f56bfc062723c751e8b465ee728b)
Start importing Assets/Prefabs/Enemy Variant.prefab using Guid(28f8151f4a162584ea38898382cb83a5) Importer(815301076,1909f56bfc062723c751e8b465ee728b)  -> (artifact id: 'e7800fc1608ab0f5e0a266804e0f5b13') in 0.015336 seconds 
  Import took 0.019190 seconds .

========================================================================
Received Import Request.
  Time since last request: 9.259497 seconds.
  path: Assets/Prefabs/Enemy Variant.prefab
  artifactKey: Guid(28f8151f4a162584ea38898382cb83a5) Importer(815301076,1909f56bfc062723c751e8b465ee728b)
Start importing Assets/Prefabs/Enemy Variant.prefab using Guid(28f8151f4a162584ea38898382cb83a5) Importer(815301076,1909f56bfc062723c751e8b465ee728b)  -> (artifact id: '42f1c8b751d8b585f4ff3dd2587da03f') in 0.014659 seconds 
  Import took 0.018245 seconds .

========================================================================
Received Import Request.
  Time since last request: 29.412971 seconds.
  path: Assets/Prefabs/Enemy Variant.prefab
  artifactKey: Guid(28f8151f4a162584ea38898382cb83a5) Importer(815301076,1909f56bfc062723c751e8b465ee728b)
Start importing Assets/Prefabs/Enemy Variant.prefab using Guid(28f8151f4a162584ea38898382cb83a5) Importer(815301076,1909f56bfc062723c751e8b465ee728b)  -> (artifact id: 'e766b9ca1f35e6727e4bb0c8912d42ca') in 0.013065 seconds 
  Import took 0.018027 seconds .

========================================================================
Received Import Request.
  Time since last request: 17.825357 seconds.
  path: Assets/Prefabs/Enemy Variant.prefab
  artifactKey: Guid(28f8151f4a162584ea38898382cb83a5) Importer(815301076,1909f56bfc062723c751e8b465ee728b)
Start importing Assets/Prefabs/Enemy Variant.prefab using Guid(28f8151f4a162584ea38898382cb83a5) Importer(815301076,1909f56bfc062723c751e8b465ee728b)  -> (artifact id: '6e0f3cbee78a4cfd27909357e875c5ec') in 0.014187 seconds 
  Import took 0.018282 seconds .

========================================================================
Received Import Request.
  Time since last request: 11.749047 seconds.
  path: Assets/Prefabs/Enemy Variant.prefab
  artifactKey: Guid(28f8151f4a162584ea38898382cb83a5) Importer(815301076,1909f56bfc062723c751e8b465ee728b)
Start importing Assets/Prefabs/Enemy Variant.prefab using Guid(28f8151f4a162584ea38898382cb83a5) Importer(815301076,1909f56bfc062723c751e8b465ee728b)  -> (artifact id: '49599eba3a8105b2aa814c389352700d') in 0.014627 seconds 
  Import took 0.018337 seconds .

========================================================================
Received Import Request.
  Time since last request: 18.325179 seconds.
  path: Assets/Prefabs/Enemy Variant.prefab
  artifactKey: Guid(28f8151f4a162584ea38898382cb83a5) Importer(815301076,1909f56bfc062723c751e8b465ee728b)
Start importing Assets/Prefabs/Enemy Variant.prefab using Guid(28f8151f4a162584ea38898382cb83a5) Importer(815301076,1909f56bfc062723c751e8b465ee728b)  -> (artifact id: 'fbecd1bd26f74211237e066c0adb9510') in 0.013789 seconds 
  Import took 0.017721 seconds .

========================================================================
Received Import Request.
  Time since last request: 13.981817 seconds.
  path: Assets/Prefabs/Enemy Variant.prefab
  artifactKey: Guid(28f8151f4a162584ea38898382cb83a5) Importer(815301076,1909f56bfc062723c751e8b465ee728b)
Start importing Assets/Prefabs/Enemy Variant.prefab using Guid(28f8151f4a162584ea38898382cb83a5) Importer(815301076,1909f56bfc062723c751e8b465ee728b)  -> (artifact id: 'f9ffac846599900f4ba271a20cce9a9f') in 0.017783 seconds 
  Import took 0.021894 seconds .

========================================================================
Received Import Request.
  Time since last request: 16.696911 seconds.
  path: Assets/Prefabs/Enemy Variant.prefab
  artifactKey: Guid(28f8151f4a162584ea38898382cb83a5) Importer(815301076,1909f56bfc062723c751e8b465ee728b)
Start importing Assets/Prefabs/Enemy Variant.prefab using Guid(28f8151f4a162584ea38898382cb83a5) Importer(815301076,1909f56bfc062723c751e8b465ee728b)  -> (artifact id: 'e71b35af11e17c308577ede21c3bceb6') in 0.013444 seconds 
  Import took 0.017885 seconds .

========================================================================
Received Import Request.
  Time since last request: 458.926690 seconds.
  path: Assets/Textures/Fire texture seamless.jpg
  artifactKey: Guid(b68200bb9c2b1e5499368c7f84a99707) Importer(815301076,1909f56bfc062723c751e8b465ee728b)
Start importing Assets/Textures/Fire texture seamless.jpg using Guid(b68200bb9c2b1e5499368c7f84a99707) Importer(815301076,1909f56bfc062723c751e8b465ee728b)  -> (artifact id: '7dcb40161ee66d12bcb6b5fd0728e8ae') in 0.029023 seconds 
  Import took 0.032540 seconds .

========================================================================
Received Import Request.
  Time since last request: 137.999035 seconds.
  path: Assets/Materials/Fire texture seamless.mat
  artifactKey: Guid(699aeb872bc792b4f839e989936521f6) Importer(815301076,1909f56bfc062723c751e8b465ee728b)
Start importing Assets/Materials/Fire texture seamless.mat using Guid(699aeb872bc792b4f839e989936521f6) Importer(815301076,1909f56bfc062723c751e8b465ee728b)  -> (artifact id: '3aafef44c6df8006480ebf3a3249e1b1') in 0.078203 seconds 
  Import took 0.084035 seconds .

========================================================================
Received Import Request.
  Time since last request: 229.698948 seconds.
  path: Assets/Textures/depositphotos_117202542-stock-illustration-texture-with-intertwined-wavy-lines.jpg
  artifactKey: Guid(4c7ebe9c70c5a2540a6848691a8d1f6f) Importer(815301076,1909f56bfc062723c751e8b465ee728b)
Start importing Assets/Textures/depositphotos_117202542-stock-illustration-texture-with-intertwined-wavy-lines.jpg using Guid(4c7ebe9c70c5a2540a6848691a8d1f6f) Importer(815301076,1909f56bfc062723c751e8b465ee728b)  -> (artifact id: '5f3a154b423764f642468e03979b7e7e') in 0.009744 seconds 
  Import took 0.013459 seconds .

========================================================================
Received Import Request.
  Time since last request: 23.609522 seconds.
  path: Assets/Textures/seamless-molten-grunge-fire-magma-footage-068753538_iconl.webp
  artifactKey: Guid(2e9db34be43e9d340885832ee3e16cd6) Importer(815301076,1909f56bfc062723c751e8b465ee728b)
Start importing Assets/Textures/seamless-molten-grunge-fire-magma-footage-068753538_iconl.webp using Guid(2e9db34be43e9d340885832ee3e16cd6) Importer(815301076,1909f56bfc062723c751e8b465ee728b)  -> (artifact id: '718e96755eda9a9fb2972a8ac3c93f45') in 0.008623 seconds 
  Import took 0.012481 seconds .

========================================================================
Received Import Request.
  Time since last request: 41.474809 seconds.
  path: Assets/Materials/depositphotos_117202542-stock-illustration-texture-with-intertwined-wavy-lines.mat
  artifactKey: Guid(9dbfb81b60078bd4ea58e2b8558b6b0f) Importer(815301076,1909f56bfc062723c751e8b465ee728b)
Start importing Assets/Materials/depositphotos_117202542-stock-illustration-texture-with-intertwined-wavy-lines.mat using Guid(9dbfb81b60078bd4ea58e2b8558b6b0f) Importer(815301076,1909f56bfc062723c751e8b465ee728b)  -> (artifact id: '10a6d847ff34ed715ff027c035795f70') in 0.014213 seconds 
  Import took 0.018976 seconds .

========================================================================
Received Import Request.
  Time since last request: 288.898624 seconds.
  path: Assets/Materials/Fire texture seamless.mat
  artifactKey: Guid(699aeb872bc792b4f839e989936521f6) Importer(815301076,1909f56bfc062723c751e8b465ee728b)
Start importing Assets/Materials/Fire texture seamless.mat using Guid(699aeb872bc792b4f839e989936521f6) Importer(815301076,1909f56bfc062723c751e8b465ee728b)  -> (artifact id: '5bf0074b872a4414475e098352ac9815') in 0.013180 seconds 
  Import took 0.017150 seconds .

========================================================================
Received Import Request.
  Time since last request: 0.000379 seconds.
  path: Assets/Materials/material.mat
  artifactKey: Guid(20a4a3a10644e8247be0c21091061cd5) Importer(815301076,1909f56bfc062723c751e8b465ee728b)
Start importing Assets/Materials/material.mat using Guid(20a4a3a10644e8247be0c21091061cd5) Importer(815301076,1909f56bfc062723c751e8b465ee728b)  -> (artifact id: 'eab2323e192ed1d2d4ee0c3c038c330a') in 0.012592 seconds 
  Import took 0.016036 seconds .

========================================================================
Received Import Request.
  Time since last request: 5.899907 seconds.
  path: Assets/Prefabs/Enemy Variant.prefab
  artifactKey: Guid(28f8151f4a162584ea38898382cb83a5) Importer(815301076,1909f56bfc062723c751e8b465ee728b)
Start importing Assets/Prefabs/Enemy Variant.prefab using Guid(28f8151f4a162584ea38898382cb83a5) Importer(815301076,1909f56bfc062723c751e8b465ee728b)  -> (artifact id: '1b06915dde0e203d2f241200520ca3e1') in 0.022216 seconds 
  Import took 0.027146 seconds .

========================================================================
Received Import Request.
  Time since last request: 65.241721 seconds.
  path: Assets/Prefabs/Enemy Variant.prefab
  artifactKey: Guid(28f8151f4a162584ea38898382cb83a5) Importer(815301076,1909f56bfc062723c751e8b465ee728b)
Start importing Assets/Prefabs/Enemy Variant.prefab using Guid(28f8151f4a162584ea38898382cb83a5) Importer(815301076,1909f56bfc062723c751e8b465ee728b)  -> (artifact id: 'c1b6d55d4fa6045d50b7362f2d3bd845') in 0.018711 seconds 
  Import took 0.022477 seconds .

========================================================================
Received Import Request.
  Time since last request: 0.000329 seconds.
  path: Assets/Prefabs/Player.prefab
  artifactKey: Guid(825dc6d82815e7d4c9876ffaafdb7a50) Importer(815301076,1909f56bfc062723c751e8b465ee728b)
Start importing Assets/Prefabs/Player.prefab using Guid(825dc6d82815e7d4c9876ffaafdb7a50) Importer(815301076,1909f56bfc062723c751e8b465ee728b)  -> (artifact id: 'c638ad9e8e544bc4c595be2358de1f2b') in 0.014558 seconds 
  Import took 0.017977 seconds .

========================================================================
Received Import Request.
  Time since last request: 4.403353 seconds.
  path: Assets/Prefabs/Enemy Variant.prefab
  artifactKey: Guid(28f8151f4a162584ea38898382cb83a5) Importer(815301076,1909f56bfc062723c751e8b465ee728b)
Start importing Assets/Prefabs/Enemy Variant.prefab using Guid(28f8151f4a162584ea38898382cb83a5) Importer(815301076,1909f56bfc062723c751e8b465ee728b)  -> (artifact id: '0e4e7fe8e0a91bc56fca4eea48068852') in 0.017382 seconds 
  Import took 0.021886 seconds .

========================================================================
Received Import Request.
  Time since last request: 0.000340 seconds.
  path: Assets/Prefabs/Player.prefab
  artifactKey: Guid(825dc6d82815e7d4c9876ffaafdb7a50) Importer(815301076,1909f56bfc062723c751e8b465ee728b)
Start importing Assets/Prefabs/Player.prefab using Guid(825dc6d82815e7d4c9876ffaafdb7a50) Importer(815301076,1909f56bfc062723c751e8b465ee728b)  -> (artifact id: '7486ad4fec806437730d75cb7818245a') in 0.014556 seconds 
  Import took 0.017858 seconds .

========================================================================
Received Import Request.
  Time since last request: 5.027708 seconds.
  path: Assets/Prefabs/Enemy Variant.prefab
  artifactKey: Guid(28f8151f4a162584ea38898382cb83a5) Importer(815301076,1909f56bfc062723c751e8b465ee728b)
Start importing Assets/Prefabs/Enemy Variant.prefab using Guid(28f8151f4a162584ea38898382cb83a5) Importer(815301076,1909f56bfc062723c751e8b465ee728b)  -> (artifact id: 'b9b35a4bafffb12abe191969725ca976') in 0.020617 seconds 
  Import took 0.025780 seconds .

========================================================================
Received Import Request.
  Time since last request: 0.000374 seconds.
  path: Assets/Prefabs/Player.prefab
  artifactKey: Guid(825dc6d82815e7d4c9876ffaafdb7a50) Importer(815301076,1909f56bfc062723c751e8b465ee728b)
Start importing Assets/Prefabs/Player.prefab using Guid(825dc6d82815e7d4c9876ffaafdb7a50) Importer(815301076,1909f56bfc062723c751e8b465ee728b)  -> (artifact id: '7c4741afd47edcdadb637de19fedb269') in 0.015872 seconds 
  Import took 0.019625 seconds .

========================================================================
Received Import Request.
  Time since last request: 5.346061 seconds.
  path: Assets/Prefabs/Enemy Variant.prefab
  artifactKey: Guid(28f8151f4a162584ea38898382cb83a5) Importer(815301076,1909f56bfc062723c751e8b465ee728b)
Start importing Assets/Prefabs/Enemy Variant.prefab using Guid(28f8151f4a162584ea38898382cb83a5) Importer(815301076,1909f56bfc062723c751e8b465ee728b)  -> (artifact id: '264e14f78d0e8bccb940337024c9f265') in 0.016682 seconds 
  Import took 0.021086 seconds .

========================================================================
Received Import Request.
  Time since last request: 0.000463 seconds.
  path: Assets/Prefabs/Player.prefab
  artifactKey: Guid(825dc6d82815e7d4c9876ffaafdb7a50) Importer(815301076,1909f56bfc062723c751e8b465ee728b)
Start importing Assets/Prefabs/Player.prefab using Guid(825dc6d82815e7d4c9876ffaafdb7a50) Importer(815301076,1909f56bfc062723c751e8b465ee728b)  -> (artifact id: 'ad314835415e16dabe9b0651f5cbf1d7') in 0.015041 seconds 
  Import took 0.018470 seconds .

========================================================================
Received Import Request.
  Time since last request: 1.568505 seconds.
  path: Assets/Prefabs/Enemy Variant.prefab
  artifactKey: Guid(28f8151f4a162584ea38898382cb83a5) Importer(815301076,1909f56bfc062723c751e8b465ee728b)
Start importing Assets/Prefabs/Enemy Variant.prefab using Guid(28f8151f4a162584ea38898382cb83a5) Importer(815301076,1909f56bfc062723c751e8b465ee728b)  -> (artifact id: 'c37469abc2cfca89d2ccab2953abba98') in 0.017770 seconds 
  Import took 0.021632 seconds .

========================================================================
Received Import Request.
  Time since last request: 0.000379 seconds.
  path: Assets/Prefabs/Player.prefab
  artifactKey: Guid(825dc6d82815e7d4c9876ffaafdb7a50) Importer(815301076,1909f56bfc062723c751e8b465ee728b)
Start importing Assets/Prefabs/Player.prefab using Guid(825dc6d82815e7d4c9876ffaafdb7a50) Importer(815301076,1909f56bfc062723c751e8b465ee728b)  -> (artifact id: 'ff1092493fbca2e3d5fe172d0fd6372d') in 0.014648 seconds 
  Import took 0.018340 seconds .

========================================================================
Received Import Request.
  Time since last request: 1.615996 seconds.
  path: Assets/Prefabs/Enemy Variant.prefab
  artifactKey: Guid(28f8151f4a162584ea38898382cb83a5) Importer(815301076,1909f56bfc062723c751e8b465ee728b)
Start importing Assets/Prefabs/Enemy Variant.prefab using Guid(28f8151f4a162584ea38898382cb83a5) Importer(815301076,1909f56bfc062723c751e8b465ee728b)  -> (artifact id: 'dcaab30cd51fd6f31cc92130771ed179') in 0.017928 seconds 
  Import took 0.021972 seconds .

========================================================================
Received Import Request.
  Time since last request: 0.000607 seconds.
  path: Assets/Prefabs/Player.prefab
  artifactKey: Guid(825dc6d82815e7d4c9876ffaafdb7a50) Importer(815301076,1909f56bfc062723c751e8b465ee728b)
Start importing Assets/Prefabs/Player.prefab using Guid(825dc6d82815e7d4c9876ffaafdb7a50) Importer(815301076,1909f56bfc062723c751e8b465ee728b)  -> (artifact id: 'c0044fb33d486b5bb5080f7c124dfc16') in 0.013960 seconds 
  Import took 0.018656 seconds .

========================================================================
Received Import Request.
  Time since last request: 1.336911 seconds.
  path: Assets/Prefabs/Enemy Variant.prefab
  artifactKey: Guid(28f8151f4a162584ea38898382cb83a5) Importer(815301076,1909f56bfc062723c751e8b465ee728b)
Start importing Assets/Prefabs/Enemy Variant.prefab using Guid(28f8151f4a162584ea38898382cb83a5) Importer(815301076,1909f56bfc062723c751e8b465ee728b)  -> (artifact id: '103a70cf8ee75acfdd8d8d48ee0c17e9') in 0.017849 seconds 
  Import took 0.021989 seconds .

========================================================================
Received Import Request.
  Time since last request: 0.000357 seconds.
  path: Assets/Prefabs/Player.prefab
  artifactKey: Guid(825dc6d82815e7d4c9876ffaafdb7a50) Importer(815301076,1909f56bfc062723c751e8b465ee728b)
Start importing Assets/Prefabs/Player.prefab using Guid(825dc6d82815e7d4c9876ffaafdb7a50) Importer(815301076,1909f56bfc062723c751e8b465ee728b)  -> (artifact id: '1e73bd348ccc95d15e0a057ee4c4d3b9') in 0.013800 seconds 
  Import took 0.017245 seconds .

========================================================================
Received Import Request.
  Time since last request: 4.226376 seconds.
  path: Assets/Prefabs/Enemy Variant.prefab
  artifactKey: Guid(28f8151f4a162584ea38898382cb83a5) Importer(815301076,1909f56bfc062723c751e8b465ee728b)
Start importing Assets/Prefabs/Enemy Variant.prefab using Guid(28f8151f4a162584ea38898382cb83a5) Importer(815301076,1909f56bfc062723c751e8b465ee728b)  -> (artifact id: 'e2a047bb31ceb635f7a8f45ea6447c22') in 0.017709 seconds 
  Import took 0.021594 seconds .

========================================================================
Received Import Request.
  Time since last request: 0.000338 seconds.
  path: Assets/Prefabs/Player.prefab
  artifactKey: Guid(825dc6d82815e7d4c9876ffaafdb7a50) Importer(815301076,1909f56bfc062723c751e8b465ee728b)
Start importing Assets/Prefabs/Player.prefab using Guid(825dc6d82815e7d4c9876ffaafdb7a50) Importer(815301076,1909f56bfc062723c751e8b465ee728b)  -> (artifact id: '0f59d5e833c8cacad944b0dfc9c2f875') in 0.014244 seconds 
  Import took 0.018033 seconds .

========================================================================
Received Import Request.
  Time since last request: 5.629257 seconds.
  path: Assets/Prefabs/Enemy Variant.prefab
  artifactKey: Guid(28f8151f4a162584ea38898382cb83a5) Importer(815301076,1909f56bfc062723c751e8b465ee728b)
Start importing Assets/Prefabs/Enemy Variant.prefab using Guid(28f8151f4a162584ea38898382cb83a5) Importer(815301076,1909f56bfc062723c751e8b465ee728b)  -> (artifact id: 'dab28ef10989e2d3a7a00138f5618ac0') in 0.018329 seconds 
  Import took 0.022198 seconds .

========================================================================
Received Import Request.
  Time since last request: 0.000346 seconds.
  path: Assets/Prefabs/Player.prefab
  artifactKey: Guid(825dc6d82815e7d4c9876ffaafdb7a50) Importer(815301076,1909f56bfc062723c751e8b465ee728b)
Start importing Assets/Prefabs/Player.prefab using Guid(825dc6d82815e7d4c9876ffaafdb7a50) Importer(815301076,1909f56bfc062723c751e8b465ee728b)  -> (artifact id: 'b043b126ee9bed05b22f14345519cebd') in 0.013856 seconds 
  Import took 0.017560 seconds .

========================================================================
Received Import Request.
  Time since last request: 4.959810 seconds.
  path: Assets/Prefabs/Enemy Variant.prefab
  artifactKey: Guid(28f8151f4a162584ea38898382cb83a5) Importer(815301076,1909f56bfc062723c751e8b465ee728b)
Start importing Assets/Prefabs/Enemy Variant.prefab using Guid(28f8151f4a162584ea38898382cb83a5) Importer(815301076,1909f56bfc062723c751e8b465ee728b)  -> (artifact id: 'bf766c628a4847415dbba08513803541') in 0.018713 seconds 
  Import took 0.022434 seconds .

========================================================================
Received Import Request.
  Time since last request: 0.000345 seconds.
  path: Assets/Prefabs/Player.prefab
  artifactKey: Guid(825dc6d82815e7d4c9876ffaafdb7a50) Importer(815301076,1909f56bfc062723c751e8b465ee728b)
Start importing Assets/Prefabs/Player.prefab using Guid(825dc6d82815e7d4c9876ffaafdb7a50) Importer(815301076,1909f56bfc062723c751e8b465ee728b)  -> (artifact id: 'e91051cb00bdce3d4a8d4e0167f436b2') in 0.013789 seconds 
  Import took 0.016807 seconds .

========================================================================
Received Import Request.
  Time since last request: 268.536450 seconds.
  path: Assets/Prefabs/Enemy Variant.prefab
  artifactKey: Guid(28f8151f4a162584ea38898382cb83a5) Importer(815301076,1909f56bfc062723c751e8b465ee728b)
Start importing Assets/Prefabs/Enemy Variant.prefab using Guid(28f8151f4a162584ea38898382cb83a5) Importer(815301076,1909f56bfc062723c751e8b465ee728b)  -> (artifact id: 'd4089b8928ca84fb5d3c301f0cda2e54') in 0.019249 seconds 
  Import took 0.023596 seconds .

========================================================================
Received Import Request.
  Time since last request: 0.000352 seconds.
  path: Assets/Prefabs/Player.prefab
  artifactKey: Guid(825dc6d82815e7d4c9876ffaafdb7a50) Importer(815301076,1909f56bfc062723c751e8b465ee728b)
Start importing Assets/Prefabs/Player.prefab using Guid(825dc6d82815e7d4c9876ffaafdb7a50) Importer(815301076,1909f56bfc062723c751e8b465ee728b)  -> (artifact id: 'de94388df51fd39c904decaf29dd8caa') in 0.013753 seconds 
  Import took 0.017381 seconds .

========================================================================
Received Import Request.
  Time since last request: 4.613405 seconds.
  path: Assets/Prefabs/Enemy Variant.prefab
  artifactKey: Guid(28f8151f4a162584ea38898382cb83a5) Importer(815301076,1909f56bfc062723c751e8b465ee728b)
Start importing Assets/Prefabs/Enemy Variant.prefab using Guid(28f8151f4a162584ea38898382cb83a5) Importer(815301076,1909f56bfc062723c751e8b465ee728b)  -> (artifact id: 'a97b81f9f730c3b0fce29e9d41a615da') in 0.015747 seconds 
  Import took 0.019728 seconds .

========================================================================
Received Import Request.
  Time since last request: 0.000359 seconds.
  path: Assets/Prefabs/Player.prefab
  artifactKey: Guid(825dc6d82815e7d4c9876ffaafdb7a50) Importer(815301076,1909f56bfc062723c751e8b465ee728b)
Start importing Assets/Prefabs/Player.prefab using Guid(825dc6d82815e7d4c9876ffaafdb7a50) Importer(815301076,1909f56bfc062723c751e8b465ee728b)  -> (artifact id: '54aca4d2b0d22e531110068fe24392dc') in 0.013683 seconds 
  Import took 0.017456 seconds .

========================================================================
Received Import Request.
  Time since last request: 7.839611 seconds.
  path: Assets/Prefabs/Enemy Variant.prefab
  artifactKey: Guid(28f8151f4a162584ea38898382cb83a5) Importer(815301076,1909f56bfc062723c751e8b465ee728b)
Start importing Assets/Prefabs/Enemy Variant.prefab using Guid(28f8151f4a162584ea38898382cb83a5) Importer(815301076,1909f56bfc062723c751e8b465ee728b)  -> (artifact id: '37dce12e8460a79867de784419c8cfa4') in 0.018244 seconds 
  Import took 0.022364 seconds .

========================================================================
Received Import Request.
  Time since last request: 0.000376 seconds.
  path: Assets/Prefabs/Player.prefab
  artifactKey: Guid(825dc6d82815e7d4c9876ffaafdb7a50) Importer(815301076,1909f56bfc062723c751e8b465ee728b)
Start importing Assets/Prefabs/Player.prefab using Guid(825dc6d82815e7d4c9876ffaafdb7a50) Importer(815301076,1909f56bfc062723c751e8b465ee728b)  -> (artifact id: '7b075c49bfb5c5c46183ca0c34ca34ab') in 0.015710 seconds 
  Import took 0.019143 seconds .

========================================================================
Received Import Request.
  Time since last request: 8.873509 seconds.
  path: Assets/Prefabs/Enemy Variant.prefab
  artifactKey: Guid(28f8151f4a162584ea38898382cb83a5) Importer(815301076,1909f56bfc062723c751e8b465ee728b)
Start importing Assets/Prefabs/Enemy Variant.prefab using Guid(28f8151f4a162584ea38898382cb83a5) Importer(815301076,1909f56bfc062723c751e8b465ee728b)  -> (artifact id: '6a5eb7d0dd71edfa2326a34b850b5fa2') in 0.016373 seconds 
  Import took 0.020484 seconds .

========================================================================
Received Import Request.
  Time since last request: 0.000406 seconds.
  path: Assets/Prefabs/Player.prefab
  artifactKey: Guid(825dc6d82815e7d4c9876ffaafdb7a50) Importer(815301076,1909f56bfc062723c751e8b465ee728b)
Start importing Assets/Prefabs/Player.prefab using Guid(825dc6d82815e7d4c9876ffaafdb7a50) Importer(815301076,1909f56bfc062723c751e8b465ee728b)  -> (artifact id: '0896c44e8f622f112210244546bc7c02') in 0.012694 seconds 
  Import took 0.016424 seconds .

========================================================================
Received Import Request.
  Time since last request: 8.436794 seconds.
  path: Assets/Prefabs/Enemy Variant.prefab
  artifactKey: Guid(28f8151f4a162584ea38898382cb83a5) Importer(815301076,1909f56bfc062723c751e8b465ee728b)
Start importing Assets/Prefabs/Enemy Variant.prefab using Guid(28f8151f4a162584ea38898382cb83a5) Importer(815301076,1909f56bfc062723c751e8b465ee728b)  -> (artifact id: 'fcbb921028335041b77665e5c89a8abb') in 0.017881 seconds 
  Import took 0.021718 seconds .

========================================================================
Received Import Request.
  Time since last request: 0.000326 seconds.
  path: Assets/Prefabs/Player.prefab
  artifactKey: Guid(825dc6d82815e7d4c9876ffaafdb7a50) Importer(815301076,1909f56bfc062723c751e8b465ee728b)
Start importing Assets/Prefabs/Player.prefab using Guid(825dc6d82815e7d4c9876ffaafdb7a50) Importer(815301076,1909f56bfc062723c751e8b465ee728b)  -> (artifact id: '3daac991b61c9db4a41fea1a2c299cfc') in 0.017512 seconds 
  Import took 0.021298 seconds .

========================================================================
Received Import Request.
  Time since last request: 23.183470 seconds.
  path: Assets/Prefabs/Enemy Variant.prefab
  artifactKey: Guid(28f8151f4a162584ea38898382cb83a5) Importer(815301076,1909f56bfc062723c751e8b465ee728b)
Start importing Assets/Prefabs/Enemy Variant.prefab using Guid(28f8151f4a162584ea38898382cb83a5) Importer(815301076,1909f56bfc062723c751e8b465ee728b)  -> (artifact id: '5b0ee55f669cbac4cee9ed83976f5f1f') in 0.017063 seconds 
  Import took 0.021018 seconds .

========================================================================
Received Import Request.
  Time since last request: 0.000333 seconds.
  path: Assets/Prefabs/Player.prefab
  artifactKey: Guid(825dc6d82815e7d4c9876ffaafdb7a50) Importer(815301076,1909f56bfc062723c751e8b465ee728b)
Start importing Assets/Prefabs/Player.prefab using Guid(825dc6d82815e7d4c9876ffaafdb7a50) Importer(815301076,1909f56bfc062723c751e8b465ee728b)  -> (artifact id: '700c5aca5bb86a94aa50be7522b1a1f8') in 0.013774 seconds 
  Import took 0.017383 seconds .

========================================================================
Received Import Request.
  Time since last request: 2.998811 seconds.
  path: Assets/Prefabs/Enemy Variant.prefab
  artifactKey: Guid(28f8151f4a162584ea38898382cb83a5) Importer(815301076,1909f56bfc062723c751e8b465ee728b)
Start importing Assets/Prefabs/Enemy Variant.prefab using Guid(28f8151f4a162584ea38898382cb83a5) Importer(815301076,1909f56bfc062723c751e8b465ee728b)  -> (artifact id: 'a9b5126f25240a56b17da2fcadbce6c6') in 0.016354 seconds 
  Import took 0.021246 seconds .

========================================================================
Received Import Request.
  Time since last request: 0.000343 seconds.
  path: Assets/Prefabs/Player.prefab
  artifactKey: Guid(825dc6d82815e7d4c9876ffaafdb7a50) Importer(815301076,1909f56bfc062723c751e8b465ee728b)
Start importing Assets/Prefabs/Player.prefab using Guid(825dc6d82815e7d4c9876ffaafdb7a50) Importer(815301076,1909f56bfc062723c751e8b465ee728b)  -> (artifact id: '1e334e8ee7b32f49de1fc1bc97c7c9cc') in 0.014134 seconds 
  Import took 0.017818 seconds .

========================================================================
Received Import Request.
  Time since last request: 7.426616 seconds.
  path: Assets/Prefabs/Enemy Variant.prefab
  artifactKey: Guid(28f8151f4a162584ea38898382cb83a5) Importer(815301076,1909f56bfc062723c751e8b465ee728b)
Start importing Assets/Prefabs/Enemy Variant.prefab using Guid(28f8151f4a162584ea38898382cb83a5) Importer(815301076,1909f56bfc062723c751e8b465ee728b)  -> (artifact id: 'cac486f1ee4ac696bf3e7e3008cca8c0') in 0.015497 seconds 
  Import took 0.019481 seconds .

========================================================================
Received Import Request.
  Time since last request: 0.000334 seconds.
  path: Assets/Prefabs/Player.prefab
  artifactKey: Guid(825dc6d82815e7d4c9876ffaafdb7a50) Importer(815301076,1909f56bfc062723c751e8b465ee728b)
Start importing Assets/Prefabs/Player.prefab using Guid(825dc6d82815e7d4c9876ffaafdb7a50) Importer(815301076,1909f56bfc062723c751e8b465ee728b)  -> (artifact id: '420e5ab25e0964d012fe886a438a7fdb') in 0.013255 seconds 
  Import took 0.016592 seconds .

========================================================================
Received Import Request.
  Time since last request: 2.178773 seconds.
  path: Assets/Prefabs/Enemy Variant.prefab
  artifactKey: Guid(28f8151f4a162584ea38898382cb83a5) Importer(815301076,1909f56bfc062723c751e8b465ee728b)
Start importing Assets/Prefabs/Enemy Variant.prefab using Guid(28f8151f4a162584ea38898382cb83a5) Importer(815301076,1909f56bfc062723c751e8b465ee728b)  -> (artifact id: 'f988a948b0946b6c16274426df2039ee') in 0.018967 seconds 
  Import took 0.023148 seconds .

========================================================================
Received Import Request.
  Time since last request: 0.000345 seconds.
  path: Assets/Prefabs/Player.prefab
  artifactKey: Guid(825dc6d82815e7d4c9876ffaafdb7a50) Importer(815301076,1909f56bfc062723c751e8b465ee728b)
Start importing Assets/Prefabs/Player.prefab using Guid(825dc6d82815e7d4c9876ffaafdb7a50) Importer(815301076,1909f56bfc062723c751e8b465ee728b)  -> (artifact id: 'acebaf0d343536f4e74c47b8541ce41d') in 0.013252 seconds 
  Import took 0.017798 seconds .

========================================================================
Received Import Request.
  Time since last request: 6.031622 seconds.
  path: Assets/Prefabs/Enemy Variant.prefab
  artifactKey: Guid(28f8151f4a162584ea38898382cb83a5) Importer(815301076,1909f56bfc062723c751e8b465ee728b)
Start importing Assets/Prefabs/Enemy Variant.prefab using Guid(28f8151f4a162584ea38898382cb83a5) Importer(815301076,1909f56bfc062723c751e8b465ee728b)  -> (artifact id: 'bfa5260870a9eca7dd9280b08c0f90c4') in 0.014395 seconds 
  Import took 0.019194 seconds .

========================================================================
Received Import Request.
  Time since last request: 0.000388 seconds.
  path: Assets/Prefabs/Player.prefab
  artifactKey: Guid(825dc6d82815e7d4c9876ffaafdb7a50) Importer(815301076,1909f56bfc062723c751e8b465ee728b)
Start importing Assets/Prefabs/Player.prefab using Guid(825dc6d82815e7d4c9876ffaafdb7a50) Importer(815301076,1909f56bfc062723c751e8b465ee728b)  -> (artifact id: '9c6c66b5bfd14016d33bce2a8b811acb') in 0.017159 seconds 
  Import took 0.020864 seconds .

========================================================================
Received Import Request.
  Time since last request: 9.251191 seconds.
  path: Assets/Prefabs/Enemy Variant.prefab
  artifactKey: Guid(28f8151f4a162584ea38898382cb83a5) Importer(815301076,1909f56bfc062723c751e8b465ee728b)
Start importing Assets/Prefabs/Enemy Variant.prefab using Guid(28f8151f4a162584ea38898382cb83a5) Importer(815301076,1909f56bfc062723c751e8b465ee728b)  -> (artifact id: '112cb535d1b9b44498f550b909bfee5a') in 0.015942 seconds 
  Import took 0.020049 seconds .

========================================================================
Received Import Request.
  Time since last request: 0.000548 seconds.
  path: Assets/Prefabs/Player.prefab
  artifactKey: Guid(825dc6d82815e7d4c9876ffaafdb7a50) Importer(815301076,1909f56bfc062723c751e8b465ee728b)
Start importing Assets/Prefabs/Player.prefab using Guid(825dc6d82815e7d4c9876ffaafdb7a50) Importer(815301076,1909f56bfc062723c751e8b465ee728b)  -> (artifact id: '49520e7dcbcf15b16b2acc880e7f69de') in 0.013773 seconds 
  Import took 0.017392 seconds .

========================================================================
Received Import Request.
  Time since last request: 3.597795 seconds.
  path: Assets/Prefabs/Enemy Variant.prefab
  artifactKey: Guid(28f8151f4a162584ea38898382cb83a5) Importer(815301076,1909f56bfc062723c751e8b465ee728b)
Start importing Assets/Prefabs/Enemy Variant.prefab using Guid(28f8151f4a162584ea38898382cb83a5) Importer(815301076,1909f56bfc062723c751e8b465ee728b)  -> (artifact id: 'bfb343265533cb8ed5d030a285b814cc') in 0.016637 seconds 
  Import took 0.021766 seconds .

========================================================================
Received Import Request.
  Time since last request: 0.000339 seconds.
  path: Assets/Prefabs/Player.prefab
  artifactKey: Guid(825dc6d82815e7d4c9876ffaafdb7a50) Importer(815301076,1909f56bfc062723c751e8b465ee728b)
Start importing Assets/Prefabs/Player.prefab using Guid(825dc6d82815e7d4c9876ffaafdb7a50) Importer(815301076,1909f56bfc062723c751e8b465ee728b)  -> (artifact id: '6ea135b970f820e105d7d95bd0ca0e47') in 0.013343 seconds 
  Import took 0.017095 seconds .

========================================================================
Received Import Request.
  Time since last request: 2.212980 seconds.
  path: Assets/Prefabs/Enemy Variant.prefab
  artifactKey: Guid(28f8151f4a162584ea38898382cb83a5) Importer(815301076,1909f56bfc062723c751e8b465ee728b)
Start importing Assets/Prefabs/Enemy Variant.prefab using Guid(28f8151f4a162584ea38898382cb83a5) Importer(815301076,1909f56bfc062723c751e8b465ee728b)  -> (artifact id: '5292062e881424f48e2313d825547aa5') in 0.015605 seconds 
  Import took 0.019477 seconds .

========================================================================
Received Import Request.
  Time since last request: 0.000331 seconds.
  path: Assets/Prefabs/Player.prefab
  artifactKey: Guid(825dc6d82815e7d4c9876ffaafdb7a50) Importer(815301076,1909f56bfc062723c751e8b465ee728b)
Start importing Assets/Prefabs/Player.prefab using Guid(825dc6d82815e7d4c9876ffaafdb7a50) Importer(815301076,1909f56bfc062723c751e8b465ee728b)  -> (artifact id: '4cd4628f76136538ac452e16ca2d4a44') in 0.014393 seconds 
  Import took 0.017792 seconds .

========================================================================
Received Import Request.
  Time since last request: 2.800434 seconds.
  path: Assets/Prefabs/Enemy Variant.prefab
  artifactKey: Guid(28f8151f4a162584ea38898382cb83a5) Importer(815301076,1909f56bfc062723c751e8b465ee728b)
Start importing Assets/Prefabs/Enemy Variant.prefab using Guid(28f8151f4a162584ea38898382cb83a5) Importer(815301076,1909f56bfc062723c751e8b465ee728b)  -> (artifact id: 'c70bef85f1e1680bfc1d77b49a8deb53') in 0.016360 seconds 
  Import took 0.020667 seconds .

========================================================================
Received Import Request.
  Time since last request: 0.000385 seconds.
  path: Assets/Prefabs/Player.prefab
  artifactKey: Guid(825dc6d82815e7d4c9876ffaafdb7a50) Importer(815301076,1909f56bfc062723c751e8b465ee728b)
Start importing Assets/Prefabs/Player.prefab using Guid(825dc6d82815e7d4c9876ffaafdb7a50) Importer(815301076,1909f56bfc062723c751e8b465ee728b)  -> (artifact id: '8e2e3524873587040d2d1f408bbd6ec9') in 0.013257 seconds 
  Import took 0.017120 seconds .

========================================================================
Received Import Request.
  Time since last request: 15.907419 seconds.
  path: Assets/Prefabs/Enemy Variant.prefab
  artifactKey: Guid(28f8151f4a162584ea38898382cb83a5) Importer(815301076,1909f56bfc062723c751e8b465ee728b)
Start importing Assets/Prefabs/Enemy Variant.prefab using Guid(28f8151f4a162584ea38898382cb83a5) Importer(815301076,1909f56bfc062723c751e8b465ee728b)  -> (artifact id: '5f044f41436c0f7f0e7eee5461251691') in 0.015729 seconds 
  Import took 0.020091 seconds .

========================================================================
Received Import Request.
  Time since last request: 0.000424 seconds.
  path: Assets/Prefabs/Player.prefab
  artifactKey: Guid(825dc6d82815e7d4c9876ffaafdb7a50) Importer(815301076,1909f56bfc062723c751e8b465ee728b)
Start importing Assets/Prefabs/Player.prefab using Guid(825dc6d82815e7d4c9876ffaafdb7a50) Importer(815301076,1909f56bfc062723c751e8b465ee728b)  -> (artifact id: 'dc1a0ef08eca812fd273ae52a46715b0') in 0.013210 seconds 
  Import took 0.017237 seconds .

========================================================================
Received Import Request.
  Time since last request: 6.779353 seconds.
  path: Assets/Prefabs/Enemy Variant.prefab
  artifactKey: Guid(28f8151f4a162584ea38898382cb83a5) Importer(815301076,1909f56bfc062723c751e8b465ee728b)
Start importing Assets/Prefabs/Enemy Variant.prefab using Guid(28f8151f4a162584ea38898382cb83a5) Importer(815301076,1909f56bfc062723c751e8b465ee728b)  -> (artifact id: '67f4fa2573b092f951febd774b20e4b8') in 0.017908 seconds 
  Import took 0.021936 seconds .

========================================================================
Received Import Request.
  Time since last request: 0.000354 seconds.
  path: Assets/Prefabs/Player.prefab
  artifactKey: Guid(825dc6d82815e7d4c9876ffaafdb7a50) Importer(815301076,1909f56bfc062723c751e8b465ee728b)
Start importing Assets/Prefabs/Player.prefab using Guid(825dc6d82815e7d4c9876ffaafdb7a50) Importer(815301076,1909f56bfc062723c751e8b465ee728b)  -> (artifact id: 'a3528648b9ebb8bbefbe7044edd4ebeb') in 0.013725 seconds 
  Import took 0.017204 seconds .

========================================================================
Received Import Request.
  Time since last request: 2.787670 seconds.
  path: Assets/Prefabs/Enemy Variant.prefab
  artifactKey: Guid(28f8151f4a162584ea38898382cb83a5) Importer(815301076,1909f56bfc062723c751e8b465ee728b)
Start importing Assets/Prefabs/Enemy Variant.prefab using Guid(28f8151f4a162584ea38898382cb83a5) Importer(815301076,1909f56bfc062723c751e8b465ee728b)  -> (artifact id: '94eb158a998b6115952db37ca3d87360') in 0.016570 seconds 
  Import took 0.020921 seconds .

========================================================================
Received Import Request.
  Time since last request: 0.000350 seconds.
  path: Assets/Prefabs/Player.prefab
  artifactKey: Guid(825dc6d82815e7d4c9876ffaafdb7a50) Importer(815301076,1909f56bfc062723c751e8b465ee728b)
Start importing Assets/Prefabs/Player.prefab using Guid(825dc6d82815e7d4c9876ffaafdb7a50) Importer(815301076,1909f56bfc062723c751e8b465ee728b)  -> (artifact id: '32ce2830c4c6a6e0848d048feec49a8f') in 0.014356 seconds 
  Import took 0.017817 seconds .

========================================================================
Received Import Request.
  Time since last request: 0.961898 seconds.
  path: Assets/Prefabs/Enemy Variant.prefab
  artifactKey: Guid(28f8151f4a162584ea38898382cb83a5) Importer(815301076,1909f56bfc062723c751e8b465ee728b)
Start importing Assets/Prefabs/Enemy Variant.prefab using Guid(28f8151f4a162584ea38898382cb83a5) Importer(815301076,1909f56bfc062723c751e8b465ee728b)  -> (artifact id: '0afcdeb3d4d950f469ab402751def7be') in 0.019541 seconds 
  Import took 0.023868 seconds .

========================================================================
Received Import Request.
  Time since last request: 0.000371 seconds.
  path: Assets/Prefabs/Player.prefab
  artifactKey: Guid(825dc6d82815e7d4c9876ffaafdb7a50) Importer(815301076,1909f56bfc062723c751e8b465ee728b)
Start importing Assets/Prefabs/Player.prefab using Guid(825dc6d82815e7d4c9876ffaafdb7a50) Importer(815301076,1909f56bfc062723c751e8b465ee728b)  -> (artifact id: '0470bdb6199eb403171dd7aa0ff5f1eb') in 0.014171 seconds 
  Import took 0.017778 seconds .

========================================================================
Received Import Request.
  Time since last request: 8.439528 seconds.
  path: Assets/Prefabs/Enemy Variant.prefab
  artifactKey: Guid(28f8151f4a162584ea38898382cb83a5) Importer(815301076,1909f56bfc062723c751e8b465ee728b)
Start importing Assets/Prefabs/Enemy Variant.prefab using Guid(28f8151f4a162584ea38898382cb83a5) Importer(815301076,1909f56bfc062723c751e8b465ee728b)  -> (artifact id: 'fbec5f9f8fefebfc9566c39ffaa5d947') in 0.016261 seconds 
  Import took 0.020742 seconds .

========================================================================
Received Import Request.
  Time since last request: 0.000360 seconds.
  path: Assets/Prefabs/Player.prefab
  artifactKey: Guid(825dc6d82815e7d4c9876ffaafdb7a50) Importer(815301076,1909f56bfc062723c751e8b465ee728b)
Start importing Assets/Prefabs/Player.prefab using Guid(825dc6d82815e7d4c9876ffaafdb7a50) Importer(815301076,1909f56bfc062723c751e8b465ee728b)  -> (artifact id: '2ba8fa17ad02ca2c950b088e433ead1b') in 0.014187 seconds 
  Import took 0.017423 seconds .

========================================================================
Received Import Request.
  Time since last request: 1.378287 seconds.
  path: Assets/Prefabs/Enemy Variant.prefab
  artifactKey: Guid(28f8151f4a162584ea38898382cb83a5) Importer(815301076,1909f56bfc062723c751e8b465ee728b)
Start importing Assets/Prefabs/Enemy Variant.prefab using Guid(28f8151f4a162584ea38898382cb83a5) Importer(815301076,1909f56bfc062723c751e8b465ee728b)  -> (artifact id: 'b7ac63f8f6b4322494e8c4831b727021') in 0.018280 seconds 
  Import took 0.022217 seconds .

========================================================================
Received Import Request.
  Time since last request: 0.000338 seconds.
  path: Assets/Prefabs/Player.prefab
  artifactKey: Guid(825dc6d82815e7d4c9876ffaafdb7a50) Importer(815301076,1909f56bfc062723c751e8b465ee728b)
Start importing Assets/Prefabs/Player.prefab using Guid(825dc6d82815e7d4c9876ffaafdb7a50) Importer(815301076,1909f56bfc062723c751e8b465ee728b)  -> (artifact id: 'b91158ba8ec8af1c02342b8370e9f64b') in 0.014229 seconds 
  Import took 0.018454 seconds .

========================================================================
Received Import Request.
  Time since last request: 1.990771 seconds.
  path: Assets/Prefabs/Enemy Variant.prefab
  artifactKey: Guid(28f8151f4a162584ea38898382cb83a5) Importer(815301076,1909f56bfc062723c751e8b465ee728b)
Start importing Assets/Prefabs/Enemy Variant.prefab using Guid(28f8151f4a162584ea38898382cb83a5) Importer(815301076,1909f56bfc062723c751e8b465ee728b)  -> (artifact id: '8e3fb8479d6339038d0539ca60ffd074') in 0.016873 seconds 
  Import took 0.021119 seconds .

========================================================================
Received Import Request.
  Time since last request: 0.000394 seconds.
  path: Assets/Prefabs/Player.prefab
  artifactKey: Guid(825dc6d82815e7d4c9876ffaafdb7a50) Importer(815301076,1909f56bfc062723c751e8b465ee728b)
Start importing Assets/Prefabs/Player.prefab using Guid(825dc6d82815e7d4c9876ffaafdb7a50) Importer(815301076,1909f56bfc062723c751e8b465ee728b)  -> (artifact id: 'e3005212475e6ef36f7b976b53a494bd') in 0.013885 seconds 
  Import took 0.017790 seconds .

========================================================================
Received Import Request.
  Time since last request: 4.377925 seconds.
  path: Assets/Prefabs/Enemy Variant.prefab
  artifactKey: Guid(28f8151f4a162584ea38898382cb83a5) Importer(815301076,1909f56bfc062723c751e8b465ee728b)
Start importing Assets/Prefabs/Enemy Variant.prefab using Guid(28f8151f4a162584ea38898382cb83a5) Importer(815301076,1909f56bfc062723c751e8b465ee728b)  -> (artifact id: '13aacc8133fdba77fe0e57f379b66b66') in 0.019532 seconds 
  Import took 0.026668 seconds .

========================================================================
Received Import Request.
  Time since last request: 0.000380 seconds.
  path: Assets/Prefabs/Player.prefab
  artifactKey: Guid(825dc6d82815e7d4c9876ffaafdb7a50) Importer(815301076,1909f56bfc062723c751e8b465ee728b)
Start importing Assets/Prefabs/Player.prefab using Guid(825dc6d82815e7d4c9876ffaafdb7a50) Importer(815301076,1909f56bfc062723c751e8b465ee728b)  -> (artifact id: 'b7f47d5dc55527f71498e95553acc161') in 0.013770 seconds 
  Import took 0.017551 seconds .

========================================================================
Received Import Request.
  Time since last request: 7.840046 seconds.
  path: Assets/Prefabs/Enemy Variant.prefab
  artifactKey: Guid(28f8151f4a162584ea38898382cb83a5) Importer(815301076,1909f56bfc062723c751e8b465ee728b)
Start importing Assets/Prefabs/Enemy Variant.prefab using Guid(28f8151f4a162584ea38898382cb83a5) Importer(815301076,1909f56bfc062723c751e8b465ee728b)  -> (artifact id: '94e3ff12a83fd0cca42b9b932b76b4bb') in 0.016673 seconds 
  Import took 0.021161 seconds .

========================================================================
Received Import Request.
  Time since last request: 0.000399 seconds.
  path: Assets/Prefabs/Player.prefab
  artifactKey: Guid(825dc6d82815e7d4c9876ffaafdb7a50) Importer(815301076,1909f56bfc062723c751e8b465ee728b)
Start importing Assets/Prefabs/Player.prefab using Guid(825dc6d82815e7d4c9876ffaafdb7a50) Importer(815301076,1909f56bfc062723c751e8b465ee728b)  -> (artifact id: 'f93b2eecfa43cb309e1467d335a4e360') in 0.013847 seconds 
  Import took 0.017205 seconds .

========================================================================
Received Import Request.
  Time since last request: 8.208153 seconds.
  path: Assets/Prefabs/Enemy Variant.prefab
  artifactKey: Guid(28f8151f4a162584ea38898382cb83a5) Importer(815301076,1909f56bfc062723c751e8b465ee728b)
Start importing Assets/Prefabs/Enemy Variant.prefab using Guid(28f8151f4a162584ea38898382cb83a5) Importer(815301076,1909f56bfc062723c751e8b465ee728b)  -> (artifact id: '2014df16a48be390914c3cf50c1391e5') in 0.017709 seconds 
  Import took 0.021957 seconds .

========================================================================
Received Import Request.
  Time since last request: 0.000345 seconds.
  path: Assets/Prefabs/Player.prefab
  artifactKey: Guid(825dc6d82815e7d4c9876ffaafdb7a50) Importer(815301076,1909f56bfc062723c751e8b465ee728b)
Start importing Assets/Prefabs/Player.prefab using Guid(825dc6d82815e7d4c9876ffaafdb7a50) Importer(815301076,1909f56bfc062723c751e8b465ee728b)  -> (artifact id: 'aae769d5b1733ba8b2631d583217bacd') in 0.013534 seconds 
  Import took 0.016923 seconds .

========================================================================
Received Import Request.
  Time since last request: 2.451733 seconds.
  path: Assets/Prefabs/Enemy Variant.prefab
  artifactKey: Guid(28f8151f4a162584ea38898382cb83a5) Importer(815301076,1909f56bfc062723c751e8b465ee728b)
Start importing Assets/Prefabs/Enemy Variant.prefab using Guid(28f8151f4a162584ea38898382cb83a5) Importer(815301076,1909f56bfc062723c751e8b465ee728b)  -> (artifact id: '80b4b9db9bd7626ad27628f7c997a2b1') in 0.017271 seconds 
  Import took 0.020980 seconds .

========================================================================
Received Import Request.
  Time since last request: 0.000365 seconds.
  path: Assets/Prefabs/Player.prefab
  artifactKey: Guid(825dc6d82815e7d4c9876ffaafdb7a50) Importer(815301076,1909f56bfc062723c751e8b465ee728b)
Start importing Assets/Prefabs/Player.prefab using Guid(825dc6d82815e7d4c9876ffaafdb7a50) Importer(815301076,1909f56bfc062723c751e8b465ee728b)  -> (artifact id: '08116ebb2e010bf50076634c174c256b') in 0.014643 seconds 
  Import took 0.017784 seconds .

========================================================================
Received Import Request.
  Time since last request: 2.014305 seconds.
  path: Assets/Prefabs/Enemy Variant.prefab
  artifactKey: Guid(28f8151f4a162584ea38898382cb83a5) Importer(815301076,1909f56bfc062723c751e8b465ee728b)
Start importing Assets/Prefabs/Enemy Variant.prefab using Guid(28f8151f4a162584ea38898382cb83a5) Importer(815301076,1909f56bfc062723c751e8b465ee728b)  -> (artifact id: '03ff6763c2f4324c12e61da515759329') in 0.016245 seconds 
  Import took 0.020160 seconds .

========================================================================
Received Import Request.
  Time since last request: 0.000328 seconds.
  path: Assets/Prefabs/Player.prefab
  artifactKey: Guid(825dc6d82815e7d4c9876ffaafdb7a50) Importer(815301076,1909f56bfc062723c751e8b465ee728b)
Start importing Assets/Prefabs/Player.prefab using Guid(825dc6d82815e7d4c9876ffaafdb7a50) Importer(815301076,1909f56bfc062723c751e8b465ee728b)  -> (artifact id: '6e8ebb9f7003246785ba8e36b61cc3f6') in 0.014344 seconds 
  Import took 0.017993 seconds .

========================================================================
Received Import Request.
  Time since last request: 1.972987 seconds.
  path: Assets/Prefabs/Enemy Variant.prefab
  artifactKey: Guid(28f8151f4a162584ea38898382cb83a5) Importer(815301076,1909f56bfc062723c751e8b465ee728b)
Start importing Assets/Prefabs/Enemy Variant.prefab using Guid(28f8151f4a162584ea38898382cb83a5) Importer(815301076,1909f56bfc062723c751e8b465ee728b)  -> (artifact id: 'd65567312c98143c8b0c04ad49340832') in 0.024699 seconds 
  Import took 0.030288 seconds .

========================================================================
Received Import Request.
  Time since last request: 0.000445 seconds.
  path: Assets/Prefabs/Player.prefab
  artifactKey: Guid(825dc6d82815e7d4c9876ffaafdb7a50) Importer(815301076,1909f56bfc062723c751e8b465ee728b)
Start importing Assets/Prefabs/Player.prefab using Guid(825dc6d82815e7d4c9876ffaafdb7a50) Importer(815301076,1909f56bfc062723c751e8b465ee728b)  -> (artifact id: '8ac13ff6a276efe9f845a95cdb89daac') in 0.013681 seconds 
  Import took 0.017173 seconds .

========================================================================
Received Import Request.
  Time since last request: 1.960532 seconds.
  path: Assets/Prefabs/Enemy Variant.prefab
  artifactKey: Guid(28f8151f4a162584ea38898382cb83a5) Importer(815301076,1909f56bfc062723c751e8b465ee728b)
Start importing Assets/Prefabs/Enemy Variant.prefab using Guid(28f8151f4a162584ea38898382cb83a5) Importer(815301076,1909f56bfc062723c751e8b465ee728b)  -> (artifact id: '84d79c4fae0f15bfd20a72802bb93b87') in 0.016928 seconds 
  Import took 0.021297 seconds .

========================================================================
Received Import Request.
  Time since last request: 0.000344 seconds.
  path: Assets/Prefabs/Player.prefab
  artifactKey: Guid(825dc6d82815e7d4c9876ffaafdb7a50) Importer(815301076,1909f56bfc062723c751e8b465ee728b)
Start importing Assets/Prefabs/Player.prefab using Guid(825dc6d82815e7d4c9876ffaafdb7a50) Importer(815301076,1909f56bfc062723c751e8b465ee728b)  -> (artifact id: '9679d08923e5a6d3d5faf0dc43b1fc7e') in 0.014897 seconds 
  Import took 0.018259 seconds .

========================================================================
Received Import Request.
  Time since last request: 2.989227 seconds.
  path: Assets/Prefabs/Enemy Variant.prefab
  artifactKey: Guid(28f8151f4a162584ea38898382cb83a5) Importer(815301076,1909f56bfc062723c751e8b465ee728b)
Start importing Assets/Prefabs/Enemy Variant.prefab using Guid(28f8151f4a162584ea38898382cb83a5) Importer(815301076,1909f56bfc062723c751e8b465ee728b)  -> (artifact id: '794a110ac5f6ba0946909895f91d9b95') in 0.018640 seconds 
  Import took 0.023355 seconds .

========================================================================
Received Import Request.
  Time since last request: 0.000356 seconds.
  path: Assets/Prefabs/Player.prefab
  artifactKey: Guid(825dc6d82815e7d4c9876ffaafdb7a50) Importer(815301076,1909f56bfc062723c751e8b465ee728b)
Start importing Assets/Prefabs/Player.prefab using Guid(825dc6d82815e7d4c9876ffaafdb7a50) Importer(815301076,1909f56bfc062723c751e8b465ee728b)  -> (artifact id: 'ab3038e6c03ec1d68f27683c887f4318') in 0.014294 seconds 
  Import took 0.017681 seconds .

========================================================================
Received Import Request.
  Time since last request: 3.218329 seconds.
  path: Assets/Prefabs/Enemy Variant.prefab
  artifactKey: Guid(28f8151f4a162584ea38898382cb83a5) Importer(815301076,1909f56bfc062723c751e8b465ee728b)
Start importing Assets/Prefabs/Enemy Variant.prefab using Guid(28f8151f4a162584ea38898382cb83a5) Importer(815301076,1909f56bfc062723c751e8b465ee728b)  -> (artifact id: '72427970c235eda6fad0fc2c6865abea') in 0.018305 seconds 
  Import took 0.022633 seconds .

========================================================================
Received Import Request.
  Time since last request: 0.000367 seconds.
  path: Assets/Prefabs/Player.prefab
  artifactKey: Guid(825dc6d82815e7d4c9876ffaafdb7a50) Importer(815301076,1909f56bfc062723c751e8b465ee728b)
Start importing Assets/Prefabs/Player.prefab using Guid(825dc6d82815e7d4c9876ffaafdb7a50) Importer(815301076,1909f56bfc062723c751e8b465ee728b)  -> (artifact id: '2f680b88e473c4ff4cf2e8a77e65ea51') in 0.014450 seconds 
  Import took 0.018802 seconds .

========================================================================
Received Import Request.
  Time since last request: 5.216691 seconds.
  path: Assets/Prefabs/Enemy Variant.prefab
  artifactKey: Guid(28f8151f4a162584ea38898382cb83a5) Importer(815301076,1909f56bfc062723c751e8b465ee728b)
Start importing Assets/Prefabs/Enemy Variant.prefab using Guid(28f8151f4a162584ea38898382cb83a5) Importer(815301076,1909f56bfc062723c751e8b465ee728b)  -> (artifact id: '08439ff8ed93b89bc94994de7eb0224a') in 0.016535 seconds 
  Import took 0.020130 seconds .

========================================================================
Received Import Request.
  Time since last request: 0.000473 seconds.
  path: Assets/Prefabs/Player.prefab
  artifactKey: Guid(825dc6d82815e7d4c9876ffaafdb7a50) Importer(815301076,1909f56bfc062723c751e8b465ee728b)
Start importing Assets/Prefabs/Player.prefab using Guid(825dc6d82815e7d4c9876ffaafdb7a50) Importer(815301076,1909f56bfc062723c751e8b465ee728b)  -> (artifact id: 'ddc1165460d3d1d7a247f18335b97fe9') in 0.013668 seconds 
  Import took 0.017279 seconds .

========================================================================
Received Import Request.
  Time since last request: 119.866060 seconds.
  path: Assets/Prefabs/Enemy Variant.prefab
  artifactKey: Guid(28f8151f4a162584ea38898382cb83a5) Importer(815301076,1909f56bfc062723c751e8b465ee728b)
Start importing Assets/Prefabs/Enemy Variant.prefab using Guid(28f8151f4a162584ea38898382cb83a5) Importer(815301076,1909f56bfc062723c751e8b465ee728b)  -> (artifact id: '82f8919f6ae5b01f7f098ea2a3bb0ee2') in 0.016695 seconds 
  Import took 0.020828 seconds .

========================================================================
Received Import Request.
  Time since last request: 0.000394 seconds.
  path: Assets/Prefabs/Player.prefab
  artifactKey: Guid(825dc6d82815e7d4c9876ffaafdb7a50) Importer(815301076,1909f56bfc062723c751e8b465ee728b)
Start importing Assets/Prefabs/Player.prefab using Guid(825dc6d82815e7d4c9876ffaafdb7a50) Importer(815301076,1909f56bfc062723c751e8b465ee728b)  -> (artifact id: '900addd3c4128f2f15660b7fd86d3d72') in 0.017012 seconds 
  Import took 0.020476 seconds .

========================================================================
Received Import Request.
  Time since last request: 18.456273 seconds.
  path: Assets/Prefabs/Enemy Variant.prefab
  artifactKey: Guid(28f8151f4a162584ea38898382cb83a5) Importer(815301076,1909f56bfc062723c751e8b465ee728b)
Start importing Assets/Prefabs/Enemy Variant.prefab using Guid(28f8151f4a162584ea38898382cb83a5) Importer(815301076,1909f56bfc062723c751e8b465ee728b)  -> (artifact id: '3fc1217769c20ca2c4a09fd29f5000d0') in 0.017084 seconds 
  Import took 0.020741 seconds .

========================================================================
Received Import Request.
  Time since last request: 0.000332 seconds.
  path: Assets/Prefabs/Player.prefab
  artifactKey: Guid(825dc6d82815e7d4c9876ffaafdb7a50) Importer(815301076,1909f56bfc062723c751e8b465ee728b)
Start importing Assets/Prefabs/Player.prefab using Guid(825dc6d82815e7d4c9876ffaafdb7a50) Importer(815301076,1909f56bfc062723c751e8b465ee728b)  -> (artifact id: 'c1ebdd9b5abdbfc89e13458161c85251') in 0.013513 seconds 
  Import took 0.016696 seconds .

========================================================================
Received Import Request.
  Time since last request: 4.369649 seconds.
  path: Assets/Prefabs/Enemy Variant.prefab
  artifactKey: Guid(28f8151f4a162584ea38898382cb83a5) Importer(815301076,1909f56bfc062723c751e8b465ee728b)
Start importing Assets/Prefabs/Enemy Variant.prefab using Guid(28f8151f4a162584ea38898382cb83a5) Importer(815301076,1909f56bfc062723c751e8b465ee728b)  -> (artifact id: '43e78599278c0d38dad4c4d7e0e3a999') in 0.015030 seconds 
  Import took 0.019161 seconds .

========================================================================
Received Import Request.
  Time since last request: 0.000344 seconds.
  path: Assets/Prefabs/Player.prefab
  artifactKey: Guid(825dc6d82815e7d4c9876ffaafdb7a50) Importer(815301076,1909f56bfc062723c751e8b465ee728b)
Start importing Assets/Prefabs/Player.prefab using Guid(825dc6d82815e7d4c9876ffaafdb7a50) Importer(815301076,1909f56bfc062723c751e8b465ee728b)  -> (artifact id: 'fde24f120856a0d735bb9cf711be3a2c') in 0.013552 seconds 
  Import took 0.017084 seconds .

========================================================================
Received Import Request.
  Time since last request: 4.557641 seconds.
  path: Assets/Prefabs/Enemy Variant.prefab
  artifactKey: Guid(28f8151f4a162584ea38898382cb83a5) Importer(815301076,1909f56bfc062723c751e8b465ee728b)
Start importing Assets/Prefabs/Enemy Variant.prefab using Guid(28f8151f4a162584ea38898382cb83a5) Importer(815301076,1909f56bfc062723c751e8b465ee728b)  -> (artifact id: '915b19b0f37a35682078e2599fb38851') in 0.016436 seconds 
  Import took 0.020467 seconds .

========================================================================
Received Import Request.
  Time since last request: 0.000540 seconds.
  path: Assets/Prefabs/Player.prefab
  artifactKey: Guid(825dc6d82815e7d4c9876ffaafdb7a50) Importer(815301076,1909f56bfc062723c751e8b465ee728b)
Start importing Assets/Prefabs/Player.prefab using Guid(825dc6d82815e7d4c9876ffaafdb7a50) Importer(815301076,1909f56bfc062723c751e8b465ee728b)  -> (artifact id: '44d90a2443ca4b54b481dee7e85f5721') in 0.016091 seconds 
  Import took 0.020070 seconds .

========================================================================
Received Import Request.
  Time since last request: 28.960579 seconds.
  path: Assets/Prefabs/Enemy Variant.prefab
  artifactKey: Guid(28f8151f4a162584ea38898382cb83a5) Importer(815301076,1909f56bfc062723c751e8b465ee728b)
Start importing Assets/Prefabs/Enemy Variant.prefab using Guid(28f8151f4a162584ea38898382cb83a5) Importer(815301076,1909f56bfc062723c751e8b465ee728b)  -> (artifact id: 'e2f9b6c1acfd0600b5b1c1a953e2d997') in 0.016182 seconds 
  Import took 0.020192 seconds .

========================================================================
Received Import Request.
  Time since last request: 4.610934 seconds.
  path: Assets/Prefabs/Enemy Variant.prefab
  artifactKey: Guid(28f8151f4a162584ea38898382cb83a5) Importer(815301076,1909f56bfc062723c751e8b465ee728b)
Start importing Assets/Prefabs/Enemy Variant.prefab using Guid(28f8151f4a162584ea38898382cb83a5) Importer(815301076,1909f56bfc062723c751e8b465ee728b)  -> (artifact id: 'bbfb2cba79128b43c1c103bfe366aff9') in 0.018834 seconds 
  Import took 0.022953 seconds .

========================================================================
Received Import Request.
  Time since last request: 12.688593 seconds.
  path: Assets/Prefabs/Enemy Variant.prefab
  artifactKey: Guid(28f8151f4a162584ea38898382cb83a5) Importer(815301076,1909f56bfc062723c751e8b465ee728b)
Start importing Assets/Prefabs/Enemy Variant.prefab using Guid(28f8151f4a162584ea38898382cb83a5) Importer(815301076,1909f56bfc062723c751e8b465ee728b)  -> (artifact id: '986a7cc907f66f8bbe3873cd40984f38') in 0.017400 seconds 
  Import took 0.021066 seconds .

========================================================================
Received Import Request.
  Time since last request: 1.212687 seconds.
  path: Assets/Prefabs/Enemy Variant.prefab
  artifactKey: Guid(28f8151f4a162584ea38898382cb83a5) Importer(815301076,1909f56bfc062723c751e8b465ee728b)
Start importing Assets/Prefabs/Enemy Variant.prefab using Guid(28f8151f4a162584ea38898382cb83a5) Importer(815301076,1909f56bfc062723c751e8b465ee728b)  -> (artifact id: 'e07752db81895baee71dee8de6e083fb') in 0.018699 seconds 
  Import took 0.022751 seconds .

========================================================================
Received Import Request.
  Time since last request: 15.034862 seconds.
  path: Assets/Prefabs/Enemy Variant.prefab
  artifactKey: Guid(28f8151f4a162584ea38898382cb83a5) Importer(815301076,1909f56bfc062723c751e8b465ee728b)
Start importing Assets/Prefabs/Enemy Variant.prefab using Guid(28f8151f4a162584ea38898382cb83a5) Importer(815301076,1909f56bfc062723c751e8b465ee728b)  -> (artifact id: 'de11e8816b231f0c97daac9b3a2c5b13') in 0.016582 seconds 
  Import took 0.020753 seconds .

========================================================================
Received Import Request.
  Time since last request: 7.843834 seconds.
  path: Assets/Prefabs/Enemy Variant.prefab
  artifactKey: Guid(28f8151f4a162584ea38898382cb83a5) Importer(815301076,1909f56bfc062723c751e8b465ee728b)
Start importing Assets/Prefabs/Enemy Variant.prefab using Guid(28f8151f4a162584ea38898382cb83a5) Importer(815301076,1909f56bfc062723c751e8b465ee728b)  -> (artifact id: '62bc3cd7d456f928ec16d5049baf1344') in 0.018720 seconds 
  Import took 0.022891 seconds .

========================================================================
Received Import Request.
  Time since last request: 3.457134 seconds.
  path: Assets/Prefabs/Enemy Variant.prefab
  artifactKey: Guid(28f8151f4a162584ea38898382cb83a5) Importer(815301076,1909f56bfc062723c751e8b465ee728b)
Start importing Assets/Prefabs/Enemy Variant.prefab using Guid(28f8151f4a162584ea38898382cb83a5) Importer(815301076,1909f56bfc062723c751e8b465ee728b)  -> (artifact id: '02f9e146c910f65fd39bd95358923837') in 0.022853 seconds 
  Import took 0.030917 seconds .

========================================================================
Received Import Request.
  Time since last request: 19.254550 seconds.
  path: Assets/Prefabs/Enemy Variant.prefab
  artifactKey: Guid(28f8151f4a162584ea38898382cb83a5) Importer(815301076,1909f56bfc062723c751e8b465ee728b)
Start importing Assets/Prefabs/Enemy Variant.prefab using Guid(28f8151f4a162584ea38898382cb83a5) Importer(815301076,1909f56bfc062723c751e8b465ee728b)  -> (artifact id: '2653f709a34c4c4bd64d7870de7ce27a') in 0.017756 seconds 
  Import took 0.022142 seconds .

========================================================================
Received Import Request.
  Time since last request: 1.618985 seconds.
  path: Assets/Prefabs/Enemy Variant.prefab
  artifactKey: Guid(28f8151f4a162584ea38898382cb83a5) Importer(815301076,1909f56bfc062723c751e8b465ee728b)
Start importing Assets/Prefabs/Enemy Variant.prefab using Guid(28f8151f4a162584ea38898382cb83a5) Importer(815301076,1909f56bfc062723c751e8b465ee728b)  -> (artifact id: 'cd3fd44ec2df3eb309a325656e1d1843') in 0.017728 seconds 
  Import took 0.022001 seconds .

========================================================================
Received Import Request.
  Time since last request: 8.059269 seconds.
  path: Assets/Prefabs/Enemy Variant.prefab
  artifactKey: Guid(28f8151f4a162584ea38898382cb83a5) Importer(815301076,1909f56bfc062723c751e8b465ee728b)
Start importing Assets/Prefabs/Enemy Variant.prefab using Guid(28f8151f4a162584ea38898382cb83a5) Importer(815301076,1909f56bfc062723c751e8b465ee728b)  -> (artifact id: 'caccecadce9752a12a6867fbf78cbd76') in 0.018798 seconds 
  Import took 0.023211 seconds .

========================================================================
Received Import Request.
  Time since last request: 5.224686 seconds.
  path: Assets/Prefabs/Enemy Variant.prefab
  artifactKey: Guid(28f8151f4a162584ea38898382cb83a5) Importer(815301076,1909f56bfc062723c751e8b465ee728b)
Start importing Assets/Prefabs/Enemy Variant.prefab using Guid(28f8151f4a162584ea38898382cb83a5) Importer(815301076,1909f56bfc062723c751e8b465ee728b)  -> (artifact id: '96af339709964337b362ceb434bfc6c8') in 0.016641 seconds 
  Import took 0.020835 seconds .

========================================================================
Received Import Request.
  Time since last request: 8.461456 seconds.
  path: Assets/Prefabs/Enemy Variant.prefab
  artifactKey: Guid(28f8151f4a162584ea38898382cb83a5) Importer(815301076,1909f56bfc062723c751e8b465ee728b)
Start importing Assets/Prefabs/Enemy Variant.prefab using Guid(28f8151f4a162584ea38898382cb83a5) Importer(815301076,1909f56bfc062723c751e8b465ee728b)  -> (artifact id: '5e049da99ec3d6f8842f75371c63d5e3') in 0.016929 seconds 
  Import took 0.021240 seconds .

========================================================================
Received Import Request.
  Time since last request: 2.179856 seconds.
  path: Assets/Prefabs/Enemy Variant.prefab
  artifactKey: Guid(28f8151f4a162584ea38898382cb83a5) Importer(815301076,1909f56bfc062723c751e8b465ee728b)
Start importing Assets/Prefabs/Enemy Variant.prefab using Guid(28f8151f4a162584ea38898382cb83a5) Importer(815301076,1909f56bfc062723c751e8b465ee728b)  -> (artifact id: '1cbc683fc4b55f26436a8dc4cc07955c') in 0.020709 seconds 
  Import took 0.025527 seconds .

========================================================================
Received Import Request.
  Time since last request: 3.427649 seconds.
  path: Assets/Prefabs/Enemy Variant.prefab
  artifactKey: Guid(28f8151f4a162584ea38898382cb83a5) Importer(815301076,1909f56bfc062723c751e8b465ee728b)
Start importing Assets/Prefabs/Enemy Variant.prefab using Guid(28f8151f4a162584ea38898382cb83a5) Importer(815301076,1909f56bfc062723c751e8b465ee728b)  -> (artifact id: '3c1cfa8d5548fb49b8c53e97326727d9') in 0.019437 seconds 
  Import took 0.023971 seconds .

========================================================================
Received Import Request.
  Time since last request: 35.466840 seconds.
  path: Assets/Prefabs/Enemy Variant.prefab
  artifactKey: Guid(28f8151f4a162584ea38898382cb83a5) Importer(815301076,1909f56bfc062723c751e8b465ee728b)
Start importing Assets/Prefabs/Enemy Variant.prefab using Guid(28f8151f4a162584ea38898382cb83a5) Importer(815301076,1909f56bfc062723c751e8b465ee728b)  -> (artifact id: 'a44628e7dc2d3850c17490a0fa5936d6') in 0.018662 seconds 
  Import took 0.022928 seconds .

========================================================================
Received Import Request.
  Time since last request: 0.000342 seconds.
  path: Assets/Prefabs/Player.prefab
  artifactKey: Guid(825dc6d82815e7d4c9876ffaafdb7a50) Importer(815301076,1909f56bfc062723c751e8b465ee728b)
Start importing Assets/Prefabs/Player.prefab using Guid(825dc6d82815e7d4c9876ffaafdb7a50) Importer(815301076,1909f56bfc062723c751e8b465ee728b)  -> (artifact id: '162730cba9b4ee256a84b771bd868dcb') in 0.016178 seconds 
  Import took 0.020122 seconds .

========================================================================
Received Import Request.
  Time since last request: 26.287315 seconds.
  path: Assets/Prefabs/Enemy Variant.prefab
  artifactKey: Guid(28f8151f4a162584ea38898382cb83a5) Importer(815301076,1909f56bfc062723c751e8b465ee728b)
Start importing Assets/Prefabs/Enemy Variant.prefab using Guid(28f8151f4a162584ea38898382cb83a5) Importer(815301076,1909f56bfc062723c751e8b465ee728b)  -> (artifact id: '0d8ab3c35b876c5f550156f5f194cda3') in 0.028105 seconds 
  Import took 0.034585 seconds .

========================================================================
Received Import Request.
  Time since last request: 0.000646 seconds.
  path: Assets/Prefabs/Player.prefab
  artifactKey: Guid(825dc6d82815e7d4c9876ffaafdb7a50) Importer(815301076,1909f56bfc062723c751e8b465ee728b)
Start importing Assets/Prefabs/Player.prefab using Guid(825dc6d82815e7d4c9876ffaafdb7a50) Importer(815301076,1909f56bfc062723c751e8b465ee728b)  -> (artifact id: '89e12ee05b97570a119d1395103f6ddd') in 0.029809 seconds 
  Import took 0.036298 seconds .

========================================================================
Received Import Request.
  Time since last request: 42.776218 seconds.
  path: Assets/Prefabs/Enemy Variant.prefab
  artifactKey: Guid(28f8151f4a162584ea38898382cb83a5) Importer(815301076,1909f56bfc062723c751e8b465ee728b)
Start importing Assets/Prefabs/Enemy Variant.prefab using Guid(28f8151f4a162584ea38898382cb83a5) Importer(815301076,1909f56bfc062723c751e8b465ee728b)  -> (artifact id: 'faaf434b98232f02d2865afd126d450e') in 0.018886 seconds 
  Import took 0.024114 seconds .

========================================================================
Received Import Request.
  Time since last request: 0.000435 seconds.
  path: Assets/Prefabs/Player.prefab
  artifactKey: Guid(825dc6d82815e7d4c9876ffaafdb7a50) Importer(815301076,1909f56bfc062723c751e8b465ee728b)
Start importing Assets/Prefabs/Player.prefab using Guid(825dc6d82815e7d4c9876ffaafdb7a50) Importer(815301076,1909f56bfc062723c751e8b465ee728b)  -> (artifact id: 'e3eb85c6cef2493ca970859c539042d6') in 0.017951 seconds 
  Import took 0.021594 seconds .

========================================================================
Received Import Request.
  Time since last request: 214.632637 seconds.
  path: Assets/Prefabs/Enemy Variant.prefab
  artifactKey: Guid(28f8151f4a162584ea38898382cb83a5) Importer(815301076,1909f56bfc062723c751e8b465ee728b)
Start importing Assets/Prefabs/Enemy Variant.prefab using Guid(28f8151f4a162584ea38898382cb83a5) Importer(815301076,1909f56bfc062723c751e8b465ee728b)  -> (artifact id: '19c02a4387f03d4e97fd7a97753f0b47') in 0.020010 seconds 
  Import took 0.025307 seconds .

========================================================================
Received Import Request.
  Time since last request: 0.000434 seconds.
  path: Assets/Prefabs/Player.prefab
  artifactKey: Guid(825dc6d82815e7d4c9876ffaafdb7a50) Importer(815301076,1909f56bfc062723c751e8b465ee728b)
Start importing Assets/Prefabs/Player.prefab using Guid(825dc6d82815e7d4c9876ffaafdb7a50) Importer(815301076,1909f56bfc062723c751e8b465ee728b)  -> (artifact id: '9d468eff6b8544383ecd33f768cc8040') in 0.018863 seconds 
  Import took 0.022619 seconds .

========================================================================
Received Import Request.
  Time since last request: 16.470163 seconds.
  path: Assets/Prefabs/Enemy Variant.prefab
  artifactKey: Guid(28f8151f4a162584ea38898382cb83a5) Importer(815301076,1909f56bfc062723c751e8b465ee728b)
Start importing Assets/Prefabs/Enemy Variant.prefab using Guid(28f8151f4a162584ea38898382cb83a5) Importer(815301076,1909f56bfc062723c751e8b465ee728b)  -> (artifact id: '8973bcde6b598f2cb6144890fc2157e2') in 0.018218 seconds 
  Import took 0.021986 seconds .

========================================================================
Received Import Request.
  Time since last request: 6.633538 seconds.
  path: Assets/Prefabs/Enemy Variant.prefab
  artifactKey: Guid(28f8151f4a162584ea38898382cb83a5) Importer(815301076,1909f56bfc062723c751e8b465ee728b)
Start importing Assets/Prefabs/Enemy Variant.prefab using Guid(28f8151f4a162584ea38898382cb83a5) Importer(815301076,1909f56bfc062723c751e8b465ee728b)  -> (artifact id: '949416aed4ef0c8828b9a63a0bf75c37') in 0.038650 seconds 
  Import took 0.043063 seconds .

========================================================================
Received Import Request.
  Time since last request: 17.149228 seconds.
  path: Assets/Prefabs/Enemy Variant.prefab
  artifactKey: Guid(28f8151f4a162584ea38898382cb83a5) Importer(815301076,1909f56bfc062723c751e8b465ee728b)
Start importing Assets/Prefabs/Enemy Variant.prefab using Guid(28f8151f4a162584ea38898382cb83a5) Importer(815301076,1909f56bfc062723c751e8b465ee728b)  -> (artifact id: '1fae311afa5a166a7323779ed0167e6b') in 0.016901 seconds 
  Import took 0.021497 seconds .

AssetImportWorkerClient::OnTransportError - code=2 error=End of file
